2025-07-28 16:34:56,013 [INFO] Activator:176 - 


2025-07-28 16:34:56,014 [INFO] Activator:177 - !SESSION log4j initialized
2025-07-28 16:34:57,933 [INFO] LogOutputStream:77 - [STDOUT_REDIRECT] 
2025-07-28 16:35:00,246 [INFO] ApplicationProperties:184 - Using Application install path: /opt/st/stm32cubeide_1.18.1/plugins/com.st.stm32cube.common.mx_6.14.1.202504091515
2025-07-28 16:35:00,259 [INFO] DbMcusXml:78 - Set database path to: /opt/st/stm32cubeide_1.18.1/plugins/com.st.stm32cube.common.mx_6.14.1.202504091515//db//mcu/
2025-07-28 16:35:00,259 [INFO] ApiDb:274 - Set plugin database path to: /opt/st/stm32cubeide_1.18.1/plugins/com.st.stm32cube.common.mx_6.14.1.202504091515//db//plugins/boardmanager/
2025-07-28 16:35:00,259 [WARN] ApiDb:259 - Overriding images path with different value:  => /opt/st/stm32cubeide_1.18.1/plugins/com.st.stm32cube.common.mx_6.14.1.202504091515//db//plugins/mcufinder/images/
2025-07-28 16:35:00,262 [INFO] ApiDb:250 - Set database path to: /home/surendar/.stmcufinder/plugins/mcufinder//mcu/
2025-07-28 16:35:00,263 [INFO] DbMcusAds:125 - Set database path to: /home/surendar/.stmcufinder/plugins/mcufinder//mcu/
2025-07-28 16:35:00,265 [INFO] CrossReferenceDbSqlite:203 - Set database path to: /home/surendar/.stmcufinder/plugins/mcufinder//mcu/cs/
2025-07-28 16:35:00,369 [INFO] RulesReader:64 - Compatibility file has been processed (302 Rules)
2025-07-28 16:35:00,422 [INFO] DbMcusXml:78 - Set database path to: /opt/st/stm32cubeide_1.18.1/plugins/com.st.stm32cube.common.mx_6.14.1.202504091515//db//mcu/
2025-07-28 16:35:00,422 [INFO] ApiDb:274 - Set plugin database path to: /opt/st/stm32cubeide_1.18.1/plugins/com.st.stm32cube.common.mx_6.14.1.202504091515//db//plugins/boardmanager/
2025-07-28 16:35:00,422 [INFO] ApiDb:261 - Set plugin images path to: /opt/st/stm32cubeide_1.18.1/plugins/com.st.stm32cube.common.mx_6.14.1.202504091515//db//plugins/mcufinder/images/
2025-07-28 16:35:00,423 [WARN] DbFile:41 - Overriding database path with different value: /home/surendar/.stmcufinder/plugins/mcufinder/ => /home/surendar/.stmcufinder/plugins/mcufinder
2025-07-28 16:35:00,423 [INFO] ApiDb:250 - Set database path to: /home/surendar/.stmcufinder/plugins/mcufinder//mcu/
2025-07-28 16:35:00,423 [WARN] DbFile:41 - Overriding database path with different value: /home/surendar/.stmcufinder/plugins/mcufinder/ => /home/surendar/.stmcufinder/plugins/mcufinder
2025-07-28 16:35:00,423 [INFO] DbMcusAds:125 - Set database path to: /home/surendar/.stmcufinder/plugins/mcufinder//mcu/
2025-07-28 16:35:00,423 [WARN] DbFile:41 - Overriding database path with different value: /home/surendar/.stmcufinder/plugins/mcufinder/ => /home/surendar/.stmcufinder/plugins/mcufinder
2025-07-28 16:35:00,423 [WARN] DbFile:41 - Overriding database path with different value: /home/surendar/.stmcufinder/plugins/mcufinder/ => /home/surendar/.stmcufinder/plugins/mcufinder
2025-07-28 16:35:00,423 [INFO] CrossReferenceDbSqlite:203 - Set database path to: /home/surendar/.stmcufinder/plugins/mcufinder//mcu/cs/
2025-07-28 16:35:00,473 [INFO] MainPanel:272 - HeapMemory: 268435456
2025-07-28 16:35:00,552 [INFO] DbMcusXml:78 - Set database path to: /opt/st/stm32cubeide_1.18.1/plugins/com.st.stm32cube.common.mx_6.14.1.202504091515//db//mcu/
2025-07-28 16:35:00,552 [INFO] ApiDb:274 - Set plugin database path to: /opt/st/stm32cubeide_1.18.1/plugins/com.st.stm32cube.common.mx_6.14.1.202504091515//db//plugins/boardmanager/
2025-07-28 16:35:00,552 [INFO] ApiDb:261 - Set plugin images path to: /opt/st/stm32cubeide_1.18.1/plugins/com.st.stm32cube.common.mx_6.14.1.202504091515//db//plugins/mcufinder/images/
2025-07-28 16:35:00,553 [WARN] DbFile:41 - Overriding database path with different value: /home/surendar/.stmcufinder/plugins/mcufinder/ => /home/surendar/.stmcufinder/plugins/mcufinder
2025-07-28 16:35:00,553 [INFO] ApiDb:250 - Set database path to: /home/surendar/.stmcufinder/plugins/mcufinder//mcu/
2025-07-28 16:35:00,553 [WARN] DbFile:41 - Overriding database path with different value: /home/surendar/.stmcufinder/plugins/mcufinder/ => /home/surendar/.stmcufinder/plugins/mcufinder
2025-07-28 16:35:00,553 [INFO] DbMcusAds:125 - Set database path to: /home/surendar/.stmcufinder/plugins/mcufinder//mcu/
2025-07-28 16:35:00,553 [WARN] DbFile:41 - Overriding database path with different value: /home/surendar/.stmcufinder/plugins/mcufinder/ => /home/surendar/.stmcufinder/plugins/mcufinder
2025-07-28 16:35:00,553 [WARN] DbFile:41 - Overriding database path with different value: /home/surendar/.stmcufinder/plugins/mcufinder/ => /home/surendar/.stmcufinder/plugins/mcufinder
2025-07-28 16:35:00,553 [INFO] CrossReferenceDbSqlite:203 - Set database path to: /home/surendar/.stmcufinder/plugins/mcufinder//mcu/cs/
2025-07-28 16:35:00,565 [INFO] ApplicationProperties:184 - Using Application install path: /opt/st/stm32cubeide_1.18.1/plugins/com.st.stm32cube.common.mx_6.14.1.202504091515
2025-07-28 16:35:00,567 [INFO] PluginManage:196 - Search for loadable plugins [exclusion list=, ]
2025-07-28 16:35:00,567 [INFO] PluginManage:310 - Check plugin analytics
2025-07-28 16:35:00,724 [INFO] AnalyticsPlugin:253 - Accepted Software Licenses: 
2025-07-28 16:35:00,724 [INFO] AnalyticsPlugin:255 - Accepted CMSIS Pack Licenses: 
2025-07-28 16:35:00,725 [INFO] AnalyticsPlugin:257 - Accepted Firmware Licenses: FW.F4.1.28.0
2025-07-28 16:35:00,735 [INFO] PluginManage:359 - Loaded plugin analytics (category:tool,tabindex:-1)
2025-07-28 16:35:00,737 [INFO] PluginManage:310 - Check plugin cadmodel
2025-07-28 16:35:00,748 [INFO] CADModel:105 - Init CAD model plugin
2025-07-28 16:35:00,749 [INFO] PluginManage:359 - Loaded plugin cadmodel (category:power,tabindex:5)
2025-07-28 16:35:00,749 [INFO] PluginManage:310 - Check plugin clock
2025-07-28 16:35:00,769 [INFO] PluginManage:359 - Loaded plugin clock (category:base,tabindex:2)
2025-07-28 16:35:00,769 [INFO] PluginManage:310 - Check plugin ddr
2025-07-28 16:35:00,772 [INFO] PluginManage:359 - Loaded plugin ddr (category:tool,tabindex:6)
2025-07-28 16:35:00,772 [INFO] PluginManage:310 - Check plugin filemanager
2025-07-28 16:35:00,989 [INFO] PluginManage:359 - Loaded plugin filemanager (category:base,tabindex:10)
2025-07-28 16:35:00,989 [INFO] PluginManage:310 - Check plugin ipmanager
2025-07-28 16:35:00,994 [INFO] PluginManage:359 - Loaded plugin ipmanager (category:base,tabindex:5)
2025-07-28 16:35:00,994 [INFO] PluginManage:310 - Check plugin lpbam
2025-07-28 16:35:01,001 [INFO] PluginManage:359 - Loaded plugin lpbam (category:base,tabindex:0)
2025-07-28 16:35:01,001 [INFO] PluginManage:310 - Check plugin memorymap
2025-07-28 16:35:01,010 [INFO] PluginManage:359 - Loaded plugin memorymap (category:base,tabindex:4)
2025-07-28 16:35:01,010 [INFO] PluginManage:310 - Check plugin pinoutandconfiguration
2025-07-28 16:35:01,016 [INFO] PluginManage:359 - Loaded plugin pinoutandconfiguration (category:base,tabindex:1)
2025-07-28 16:35:01,016 [INFO] PluginManage:310 - Check plugin pinoutconfig
2025-07-28 16:35:01,135 [WARN] SupportedApi:132 - Cannot load RTOS API schema: s4s-elt-must-match.1: The content of 'definitions' must match (annotation?, (simpleType | complexType)?, (unique | key | keyref)*)). A problem was found starting at: attribute.
2025-07-28 16:35:01,262 [INFO] PluginManage:359 - Loaded plugin pinoutconfig (category:base,tabindex:0)
2025-07-28 16:35:01,262 [INFO] PluginManage:310 - Check plugin power
2025-07-28 16:35:01,268 [INFO] PluginManage:359 - Loaded plugin power (category:power,tabindex:4)
2025-07-28 16:35:01,269 [INFO] PluginManage:310 - Check plugin projectmanager
2025-07-28 16:35:01,282 [INFO] PluginManage:359 - Loaded plugin projectmanager (category:projectmanager,tabindex:4)
2025-07-28 16:35:01,282 [INFO] PluginManage:310 - Check plugin rif
2025-07-28 16:35:01,287 [INFO] PluginManage:359 - Loaded plugin rif (category:base,tabindex:3)
2025-07-28 16:35:01,287 [INFO] PluginManage:310 - Check plugin thirdparty
2025-07-28 16:35:01,401 [INFO] PluginManage:359 - Loaded plugin thirdparty (category:base,tabindex:-1)
2025-07-28 16:35:01,401 [WARN] IntegrityCheckThread:84 - waiting for thirdparty lock release [integrity check]
2025-07-28 16:35:01,402 [INFO] PluginManage:310 - Check plugin tools
2025-07-28 16:35:01,402 [INFO] IntegrityCheckThread:86 - entering critical section [integrity check]
2025-07-28 16:35:01,402 [INFO] ThirdPartyUpdaterWithRetryManager:70 - Updater plugin not ready yet. [1/15]
2025-07-28 16:35:01,404 [INFO] PluginManage:359 - Loaded plugin tools (category:base,tabindex:7)
2025-07-28 16:35:01,404 [INFO] PluginManage:310 - Check plugin tutovideos
2025-07-28 16:35:01,533 [INFO] PluginManage:359 - Loaded plugin tutovideos (category:base,tabindex:-1)
2025-07-28 16:35:01,533 [INFO] PluginManage:310 - Check plugin updater
2025-07-28 16:35:01,550 [INFO] PluginManage:359 - Loaded plugin updater (category:base,tabindex:12)
2025-07-28 16:35:01,550 [INFO] PluginManage:310 - Check plugin userauth
2025-07-28 16:35:01,553 [INFO] UserAuth:118 - Init User Auth plugin
2025-07-28 16:35:01,554 [INFO] PluginManage:359 - Loaded plugin userauth (category:base,tabindex:14)
2025-07-28 16:35:01,554 [INFO] PluginManage:283 - PluginManage : Loaded plugins [18]
2025-07-28 16:35:01,695 [INFO] PinOutPanel:1589 - setPackage(No Configuration,No Configuration)
2025-07-28 16:35:01,748 [INFO] CADModel:165 - CPN selected for project level
2025-07-28 16:35:01,748 [INFO] CADModel:114 - Register for checkConnection events
2025-07-28 16:35:01,755 [INFO] IPUIPlugin:80 - create IPUIPlugin
2025-07-28 16:35:01,755 [INFO] PluginManager:220 - loadIPPluginJar : add tsc
2025-07-28 16:35:01,756 [INFO] IPUIPlugin:80 - create IPUIPlugin
2025-07-28 16:35:01,756 [INFO] PluginManager:220 - loadIPPluginJar : add quadspi
2025-07-28 16:35:01,760 [INFO] IPUIPlugin:80 - create IPUIPlugin
2025-07-28 16:35:01,760 [INFO] PluginManager:220 - loadIPPluginJar : add usbx
2025-07-28 16:35:01,763 [INFO] IPUIPlugin:80 - create IPUIPlugin
2025-07-28 16:35:01,764 [INFO] PluginManager:220 - loadIPPluginJar : add freertos
2025-07-28 16:35:01,765 [INFO] IPUIPlugin:80 - create IPUIPlugin
2025-07-28 16:35:01,766 [INFO] PluginManager:220 - loadIPPluginJar : add usart
2025-07-28 16:35:01,771 [INFO] IPUIPlugin:80 - create IPUIPlugin
2025-07-28 16:35:01,771 [INFO] PluginManager:220 - loadIPPluginJar : add linkedlist
2025-07-28 16:35:01,773 [INFO] IPUIPlugin:80 - create IPUIPlugin
2025-07-28 16:35:01,773 [INFO] PluginManager:220 - loadIPPluginJar : add gfxmmu
2025-07-28 16:35:01,778 [INFO] IPUIPlugin:80 - create IPUIPlugin
2025-07-28 16:35:01,779 [INFO] PluginManager:220 - loadIPPluginJar : add stm32_wpan
2025-07-28 16:35:01,780 [INFO] IPUIPlugin:80 - create IPUIPlugin
2025-07-28 16:35:01,780 [INFO] PluginManager:220 - loadIPPluginJar : add i2s
2025-07-28 16:35:01,782 [INFO] IPUIPlugin:80 - create IPUIPlugin
2025-07-28 16:35:01,782 [INFO] PluginManager:220 - loadIPPluginJar : add fatfs
2025-07-28 16:35:01,785 [INFO] IPUIPlugin:80 - create IPUIPlugin
2025-07-28 16:35:01,785 [INFO] PluginManager:220 - loadIPPluginJar : add fmc
2025-07-28 16:35:01,787 [INFO] IPUIPlugin:80 - create IPUIPlugin
2025-07-28 16:35:01,787 [INFO] PluginManager:220 - loadIPPluginJar : add i3c
2025-07-28 16:35:01,791 [INFO] IPUIPlugin:80 - create IPUIPlugin
2025-07-28 16:35:01,792 [INFO] PluginManager:220 - loadIPPluginJar : add dma
2025-07-28 16:35:01,793 [INFO] IPUIPlugin:80 - create IPUIPlugin
2025-07-28 16:35:01,794 [INFO] PluginManager:220 - loadIPPluginJar : add lorawan
2025-07-28 16:35:01,796 [INFO] IPUIPlugin:80 - create IPUIPlugin
2025-07-28 16:35:01,796 [INFO] PluginManager:220 - loadIPPluginJar : add gpio
2025-07-28 16:35:01,798 [INFO] IPUIPlugin:80 - create IPUIPlugin
2025-07-28 16:35:01,799 [INFO] PluginManager:220 - loadIPPluginJar : add can
2025-07-28 16:35:01,801 [INFO] IPUIPlugin:80 - create IPUIPlugin
2025-07-28 16:35:01,801 [INFO] PluginManager:220 - loadIPPluginJar : add cryp
2025-07-28 16:35:01,804 [INFO] IPUIPlugin:80 - create IPUIPlugin
2025-07-28 16:35:01,804 [INFO] PluginManager:220 - loadIPPluginJar : add sai
2025-07-28 16:35:01,805 [INFO] IPUIPlugin:80 - create IPUIPlugin
2025-07-28 16:35:01,806 [INFO] PluginManager:220 - loadIPPluginJar : add dfsdm
2025-07-28 16:35:01,807 [INFO] IPUIPlugin:80 - create IPUIPlugin
2025-07-28 16:35:01,808 [INFO] PluginManager:220 - loadIPPluginJar : add openamp
2025-07-28 16:35:01,810 [INFO] IPUIPlugin:80 - create IPUIPlugin
2025-07-28 16:35:01,810 [INFO] PluginManager:220 - loadIPPluginJar : add extmemmanager
2025-07-28 16:35:01,811 [INFO] IPUIPlugin:80 - create IPUIPlugin
2025-07-28 16:35:01,812 [INFO] PluginManager:220 - loadIPPluginJar : add tim
2025-07-28 16:35:01,813 [INFO] IPUIPlugin:80 - create IPUIPlugin
2025-07-28 16:35:01,814 [INFO] PluginManager:220 - loadIPPluginJar : add dma3
2025-07-28 16:35:01,815 [INFO] IPUIPlugin:80 - create IPUIPlugin
2025-07-28 16:35:01,816 [INFO] PluginManager:220 - loadIPPluginJar : add pdm2pcm
2025-07-28 16:35:01,818 [INFO] IPUIPlugin:80 - create IPUIPlugin
2025-07-28 16:35:01,818 [INFO] PluginManager:220 - loadIPPluginJar : add genericplugin
2025-07-28 16:35:01,823 [INFO] IPUIPlugin:80 - create IPUIPlugin
2025-07-28 16:35:01,826 [INFO] PluginManager:220 - loadIPPluginJar : add plateformsettings
2025-07-28 16:35:01,827 [INFO] IPUIPlugin:80 - create IPUIPlugin
2025-07-28 16:35:01,828 [INFO] PluginManager:220 - loadIPPluginJar : add radio
2025-07-28 16:35:01,829 [INFO] IPUIPlugin:80 - create IPUIPlugin
2025-07-28 16:35:01,829 [INFO] PluginManager:220 - loadIPPluginJar : add tracer_emb
2025-07-28 16:35:01,831 [INFO] IPUIPlugin:80 - create IPUIPlugin
2025-07-28 16:35:01,832 [INFO] PluginManager:220 - loadIPPluginJar : add ddr_ctrl_phy
2025-07-28 16:35:01,834 [INFO] IPUIPlugin:80 - create IPUIPlugin
2025-07-28 16:35:01,835 [INFO] PluginManager:220 - loadIPPluginJar : add aes
2025-07-28 16:35:01,840 [INFO] IPUIPlugin:80 - create IPUIPlugin
2025-07-28 16:35:01,840 [INFO] PluginManager:220 - loadIPPluginJar : add gic
2025-07-28 16:35:01,842 [INFO] IPUIPlugin:80 - create IPUIPlugin
2025-07-28 16:35:01,842 [INFO] PluginManager:220 - loadIPPluginJar : add ipddr
2025-07-28 16:35:01,843 [INFO] IPUIPlugin:80 - create IPUIPlugin
2025-07-28 16:35:01,843 [INFO] PluginManager:220 - loadIPPluginJar : add ltdc
2025-07-28 16:35:01,845 [INFO] IPUIPlugin:80 - create IPUIPlugin
2025-07-28 16:35:01,845 [INFO] PluginManager:220 - loadIPPluginJar : add gtzc
2025-07-28 16:35:01,850 [INFO] IPUIPlugin:80 - create IPUIPlugin
2025-07-28 16:35:01,850 [INFO] PluginManager:220 - loadIPPluginJar : add adc
2025-07-28 16:35:01,855 [INFO] IPUIPlugin:80 - create IPUIPlugin
2025-07-28 16:35:01,855 [INFO] PluginManager:220 - loadIPPluginJar : add resmgrutility
2025-07-28 16:35:01,856 [INFO] IPUIPlugin:80 - create IPUIPlugin
2025-07-28 16:35:01,856 [INFO] PluginManager:220 - loadIPPluginJar : add comp
2025-07-28 16:35:01,860 [INFO] IPUIPlugin:80 - create IPUIPlugin
2025-07-28 16:35:01,860 [INFO] PluginManager:220 - loadIPPluginJar : add hash
2025-07-28 16:35:01,862 [INFO] IPUIPlugin:80 - create IPUIPlugin
2025-07-28 16:35:01,862 [INFO] PluginManager:220 - loadIPPluginJar : add i2c
2025-07-28 16:35:01,864 [INFO] IPUIPlugin:80 - create IPUIPlugin
2025-07-28 16:35:01,864 [INFO] PluginManager:220 - loadIPPluginJar : add opamp
2025-07-28 16:35:01,867 [INFO] IPUIPlugin:80 - create IPUIPlugin
2025-07-28 16:35:01,867 [INFO] PluginManager:220 - loadIPPluginJar : add touchsensing
2025-07-28 16:35:01,868 [INFO] IPUIPlugin:80 - create IPUIPlugin
2025-07-28 16:35:01,868 [INFO] PluginManager:220 - loadIPPluginJar : add ts
2025-07-28 16:35:01,870 [INFO] IPUIPlugin:80 - create IPUIPlugin
2025-07-28 16:35:01,870 [INFO] PluginManager:220 - loadIPPluginJar : add spi
2025-07-28 16:35:01,871 [INFO] IPUIPlugin:80 - create IPUIPlugin
2025-07-28 16:35:01,871 [INFO] PluginManager:220 - loadIPPluginJar : add ucpd
2025-07-28 16:35:01,874 [INFO] IPUIPlugin:80 - create IPUIPlugin
2025-07-28 16:35:01,875 [INFO] PluginManager:220 - loadIPPluginJar : add nvic
2025-07-28 16:35:01,879 [INFO] IPUIPlugin:80 - create IPUIPlugin
2025-07-28 16:35:01,879 [INFO] PluginManager:220 - loadIPPluginJar : add mdma
2025-07-28 16:35:01,978 [FATAL] Updater:351 - Updater called before beeing initialized
2025-07-28 16:35:02,027 [INFO] RulesReader:64 - Compatibility file has been processed (302 Rules)
2025-07-28 16:35:02,052 [INFO] RulesReader:64 - Compatibility file has been processed (302 Rules)
2025-07-28 16:35:02,065 [INFO] CADModel:165 - CPN selected for project level
2025-07-28 16:35:02,065 [INFO] CADModel:114 - Register for checkConnection events
2025-07-28 16:35:02,065 [FATAL] Updater:351 - Updater called before beeing initialized
2025-07-28 16:35:02,066 [ERROR] CADModel:125 - Updater not yet initialized, retry later 
2025-07-28 16:35:02,199 [FATAL] Updater:351 - Updater called before beeing initialized
2025-07-28 16:35:02,200 [INFO] CADModel:165 - CPN selected for project level
2025-07-28 16:35:02,200 [INFO] CADModel:114 - Register for checkConnection events
2025-07-28 16:35:02,200 [FATAL] Updater:351 - Updater called before beeing initialized
2025-07-28 16:35:02,200 [ERROR] CADModel:125 - Updater not yet initialized, retry later 
2025-07-28 16:35:02,203 [FATAL] Updater:351 - Updater called before beeing initialized
2025-07-28 16:35:02,305 [FATAL] Updater:351 - Updater called before beeing initialized
2025-07-28 16:35:02,311 [INFO] DbMcusAds:53 - JSON generation date=Tue Jul 08 13:44:23 IST 2025 (1751962463562)
2025-07-28 16:35:02,311 [FATAL] Updater:351 - Updater called before beeing initialized
2025-07-28 16:35:02,351 [WARN] DetailPanel:346 - Failed to get advertising image, set to default
2025-07-28 16:35:02,609 [FATAL] Updater:351 - Updater called before beeing initialized
2025-07-28 16:35:02,611 [FATAL] Updater:351 - Updater called before beeing initialized
2025-07-28 16:35:02,612 [FATAL] Updater:351 - Updater called before beeing initialized
2025-07-28 16:35:02,612 [WARN] DetailPanel:346 - Failed to get advertising image, set to default
2025-07-28 16:35:02,613 [FATAL] Updater:351 - Updater called before beeing initialized
2025-07-28 16:35:02,658 [ERROR] Updater:1198 - MainUpdater not yet initialized. External WinMGr cannot be set.
2025-07-28 16:35:02,661 [INFO] Updater:1134 - Updater Version found : 6.14.1
2025-07-28 16:35:02,676 [INFO] ApplicationProperties:184 - Using Application install path: /opt/st/stm32cubeide_1.18.1/plugins/com.st.stm32cube.common.mx_6.14.1.202504091515
2025-07-28 16:35:02,942 [INFO] MainUpdater:2872 - connection check result : 10
2025-07-28 16:35:02,943 [INFO] MainUpdater:289 - Updater Check For Update Now.
2025-07-28 16:35:02,943 [INFO] MicroXplorer:498 - Change Database Version : DB.6.0.141
2025-07-28 16:35:02,948 [INFO] McuFinderGlobals:63 - Set McuFinder mode to 2 (CubeIDE integrated)
2025-07-28 16:35:02,948 [INFO] UserAuth:484 - Internet connection configuration mode: 1
2025-07-28 16:35:02,967 [INFO] JxBrowserEngine:152 - Initiate JxBrowser Engine with user profile folder
2025-07-28 16:35:03,192 [INFO] CheckServerUpdateThread:120 - End of CheckServer Thread
2025-07-28 16:35:03,665 [INFO] WebApp:169 - Instantiating new browser for Auth
2025-07-28 16:35:04,260 [INFO] WebApp:463 - Apply proxy settings
2025-07-28 16:35:04,261 [INFO] WebApp:548 - Chromium requires no authentication
2025-07-28 16:35:04,268 [INFO] WebApp:491 - Direct internet connection detected
2025-07-28 16:35:04,285 [INFO] WebApp:894 - Register for checkConnection events
2025-07-28 16:35:04,286 [INFO] WebApp:463 - Apply proxy settings
2025-07-28 16:35:04,286 [INFO] WebApp:548 - Chromium requires no authentication
2025-07-28 16:35:04,286 [INFO] WebApp:491 - Direct internet connection detected
2025-07-28 16:35:04,414 [INFO] WebApp:225 - Starting web application
2025-07-28 16:35:04,414 [INFO] WebApp:593 - Web application path used /opt/st/stm32cubeide_1.18.1/plugins/com.st.stm32cube.common.mx_6.14.1.202504091515/db/plugins/mcufinder/reactClient1/index.html
2025-07-28 16:35:04,548 [WARN] PackLoader:240 - Cannot read IP mode file for STMicroelectronics.FP-SNS-MOTENVWB1.1.4.0
2025-07-28 16:35:04,564 [WARN] PackLoader:240 - Cannot read IP mode file for STMicroelectronics.X-CUBE-SMBUS.2.1.0
2025-07-28 16:35:04,584 [INFO] UserAuth:484 - Internet connection configuration mode: 1
2025-07-28 16:35:04,627 [WARN] PackLoader:240 - Cannot read IP mode file for STMicroelectronics.X-CUBE-AZRTOS-F7.1.1.0
2025-07-28 16:35:04,689 [WARN] PackLoader:240 - Cannot read IP mode file for Infineon.AIROC-Wi-Fi-Bluetooth-STM32.1.7.0
2025-07-28 16:35:04,725 [WARN] PackLoader:240 - Cannot read IP mode file for STMicroelectronics.X-CUBE-AZRTOS-H7.3.4.0
2025-07-28 16:35:04,735 [WARN] PackLoader:240 - Cannot read IP mode file for STMicroelectronics.X-CUBE-DISPLAY.3.0.0
2025-07-28 16:35:04,746 [WARN] PackLoader:240 - Cannot read IP mode file for STMicroelectronics.X-CUBE-NFC10.1.0.0
2025-07-28 16:35:04,757 [WARN] PackLoader:240 - Cannot read IP mode file for STMicroelectronics.X-CUBE-BLEMGR.4.0.0
2025-07-28 16:35:04,763 [WARN] PackLoader:240 - Cannot read IP mode file for emotas.I-CUBE-CANOPEN.1.3.0
2025-07-28 16:35:04,766 [WARN] ConditionMgr:438 - getConditionDescription Invalid condition id : Cortex-A Device cause : null
2025-07-28 16:35:04,775 [WARN] ConditionMgr:1044 - genDependencies : Invalid condition id : Cortex-A Device cause : null
2025-07-28 16:35:04,775 [WARN] ConditionMgr:1044 - genDependencies : Invalid condition id : Cortex-A Device cause : null
2025-07-28 16:35:04,776 [WARN] ConditionMgr:1044 - genDependencies : Invalid condition id : Cortex-A Device cause : null
2025-07-28 16:35:04,779 [WARN] PackLoader:240 - Cannot read IP mode file for STMicroelectronics.FP-SNS-SMARTAG2.1.2.0
2025-07-28 16:35:04,786 [INFO] LogOutputStream:77 - [STDOUT_REDIRECT] 1 : Invalid condition id : UX_CORESTACK_Condition cause : null
2025-07-28 16:35:04,786 [INFO] LogOutputStream:77 - [STDOUT_REDIRECT] 1 : Invalid condition id : UX_CORESTACK_Condition cause : null
2025-07-28 16:35:04,787 [INFO] LogOutputStream:77 - [STDOUT_REDIRECT] 1 : Invalid condition id : UX_CORESTACK_Condition cause : null
2025-07-28 16:35:04,787 [INFO] LogOutputStream:77 - [STDOUT_REDIRECT] 1 : Invalid condition id : UX_CORESTACK_Condition cause : null
2025-07-28 16:35:04,787 [INFO] LogOutputStream:77 - [STDOUT_REDIRECT] 1 : Invalid condition id : UX_CORESTACK_Condition cause : null
2025-07-28 16:35:04,792 [WARN] PackLoader:240 - Cannot read IP mode file for STMicroelectronics.X-CUBE-AZRTOS-WL.2.0.0
2025-07-28 16:35:04,797 [WARN] PackLoader:240 - Cannot read IP mode file for STMicroelectronics.FP-SNS-MOTENV1.5.0.0
2025-07-28 16:35:04,803 [WARN] PackLoader:240 - Cannot read IP mode file for WES.I-CUBE-Cesium.1.3.0
2025-07-28 16:35:04,808 [WARN] PackLoader:240 - Cannot read IP mode file for STMicroelectronics.X-CUBE-BLE2.3.3.0
2025-07-28 16:35:04,814 [WARN] PackLoader:240 - Cannot read IP mode file for STMicroelectronics.X-CUBE-NFC9.1.0.0
2025-07-28 16:35:04,817 [WARN] PackLoader:240 - Cannot read IP mode file for wolfSSL.I-CUBE-wolfMQTT.1.19.2
2025-07-28 16:35:04,822 [WARN] PackLoader:240 - Cannot read IP mode file for STMicroelectronics.X-CUBE-EEPRMA1.5.2.0
2025-07-28 16:35:04,872 [WARN] PackLoader:240 - Cannot read IP mode file for STMicroelectronics.X-CUBE-MEMS1.11.2.0
2025-07-28 16:35:05,091 [INFO] WebApp:191 - Connection restablished
2025-07-28 16:35:05,200 [WARN] PackLoader:240 - Cannot read IP mode file for STMicroelectronics.X-CUBE-AZRTOS-G0.1.1.0
2025-07-28 16:35:05,209 [WARN] PackLoader:240 - Cannot read IP mode file for STMicroelectronics.X-CUBE-SAFEA1.1.2.2
2025-07-28 16:35:05,214 [WARN] PackLoader:240 - Cannot read IP mode file for STMicroelectronics.X-CUBE-NFC4.3.0.0
2025-07-28 16:35:05,222 [WARN] PackLoader:240 - Cannot read IP mode file for EmbeddedOffice.I-CUBE-FS-RTOS.1.0.1
2025-07-28 16:35:05,227 [WARN] PackLoader:240 - Cannot read IP mode file for wolfSSL.I-CUBE-wolfTPM.3.8.0
2025-07-28 16:35:05,231 [WARN] PackLoader:240 - Cannot read IP mode file for RealThread.X-CUBE-RT-Thread_Nano.4.1.1
2025-07-28 16:35:05,234 [WARN] PackLoader:240 - Cannot read IP mode file for STMicroelectronics.FP-ATR-SIGFOX1.3.2.0
2025-07-28 16:35:05,239 [WARN] PackLoader:240 - Cannot read IP mode file for STMicroelectronics.X-CUBE-EEPRMA1.5.1.0
2025-07-28 16:35:05,249 [WARN] PackLoader:240 - Cannot read IP mode file for ITTIA_DB.I-CUBE-ITTIADB.8.9.0
2025-07-28 16:35:05,301 [WARN] PackLoader:240 - Cannot read IP mode file for SEGGER.I-CUBE-embOS.1.3.1
2025-07-28 16:35:05,375 [WARN] PackLoader:240 - Cannot read IP mode file for STMicroelectronics.X-CUBE-ALGOBUILD.1.4.0
2025-07-28 16:35:05,461 [WARN] PackLoader:240 - Cannot read IP mode file for STMicroelectronics.X-CUBE-MEMS1.11.3.0
2025-07-28 16:35:05,651 [WARN] PackLoader:240 - Cannot read IP mode file for STMicroelectronics.X-CUBE-PM33A1.1.0.0
2025-07-28 16:35:05,682 [WARN] PackLoader:240 - Cannot read IP mode file for STMicroelectronics.X-CUBE-AZRTOS-F4.1.1.0
2025-07-28 16:35:05,690 [WARN] PackLoader:240 - Cannot read IP mode file for Avnet-IotConnect.X-CUBE-IoTC-DA16k-PMOD.1.0.0
2025-07-28 16:35:05,698 [WARN] PackLoader:240 - Cannot read IP mode file for STMicroelectronics.X-CUBE-ISPU.2.1.0
2025-07-28 16:35:05,716 [WARN] PackLoader:240 - Cannot read IP mode file for STMicroelectronics.X-CUBE-NFC12.1.0.0
2025-07-28 16:35:05,771 [WARN] PackLoader:240 - Cannot read IP mode file for STMicroelectronics.X-CUBE-AZRTOS-L5.2.0.0
2025-07-28 16:35:05,788 [WARN] PackLoader:240 - Cannot read IP mode file for STMicroelectronics.X-CUBE-NFC6.3.1.0
2025-07-28 16:35:05,798 [WARN] PackLoader:240 - Cannot read IP mode file for STMicroelectronics.FP-SNS-STAIOTCFT.1.0.0
2025-07-28 16:35:05,829 [WARN] ConditionMgr:438 - getConditionDescription Invalid condition id : LAN8742 Phy interface Condition cause : null
2025-07-28 16:35:05,831 [WARN] PackLoader:240 - Cannot read IP mode file for STMicroelectronics.X-CUBE-AZRTOS-L4.2.0.0
2025-07-28 16:35:05,833 [WARN] ConditionMgr:1044 - genDependencies : Invalid condition id : LAN8742 Phy interface Condition cause : null
2025-07-28 16:35:05,834 [WARN] ConditionMgr:1044 - genDependencies : Invalid condition id : LAN8742 Phy interface Condition cause : null
2025-07-28 16:35:05,835 [WARN] ConditionMgr:1044 - genDependencies : Invalid condition id : LAN8742 Phy interface Condition cause : null
2025-07-28 16:35:05,847 [WARN] PackLoader:240 - Cannot read IP mode file for STMicroelectronics.X-CUBE-SFXS2LP1.4.0.0
2025-07-28 16:35:05,881 [WARN] PackLoader:240 - Cannot read IP mode file for STMicroelectronics.X-CUBE-AZRTOS-H7.3.3.0
2025-07-28 16:35:05,905 [WARN] PackLoader:240 - Cannot read IP mode file for STMicroelectronics.X-CUBE-BLEMGR.4.1.0
2025-07-28 16:35:05,944 [WARN] ConditionMgr:438 - getConditionDescription Invalid condition id : UX DEVICE CLASS RTOS Condition cause : null
2025-07-28 16:35:05,951 [WARN] ConditionMgr:438 - getConditionDescription Invalid condition id : UX DEVICE CLASS RTOS Condition cause : null
2025-07-28 16:35:05,955 [WARN] PackLoader:240 - Cannot read IP mode file for STMicroelectronics.X-CUBE-AZRTOS-WB.2.0.0
2025-07-28 16:35:05,957 [WARN] ConditionMgr:1044 - genDependencies : Invalid condition id : UX DEVICE CLASS RTOS Condition cause : null
2025-07-28 16:35:05,957 [WARN] ConditionMgr:1044 - genDependencies : Invalid condition id : UX DEVICE CLASS RTOS Condition cause : null
2025-07-28 16:35:05,958 [WARN] ConditionMgr:1044 - genDependencies : Invalid condition id : UX DEVICE CLASS RTOS Condition cause : null
2025-07-28 16:35:05,959 [WARN] ConditionMgr:1044 - genDependencies : Invalid condition id : UX DEVICE CLASS RTOS Condition cause : null
2025-07-28 16:35:05,959 [WARN] ConditionMgr:1044 - genDependencies : Invalid condition id : UX DEVICE CLASS RTOS Condition cause : null
2025-07-28 16:35:05,978 [WARN] PackLoader:240 - Cannot read IP mode file for STMicroelectronics.FP-SNS-STBOX1.2.0.0
2025-07-28 16:35:06,002 [WARN] PackLoader:240 - Cannot read IP mode file for STMicroelectronics.X-CUBE-SUBG2.5.0.0
2025-07-28 16:35:06,014 [WARN] PackLoader:240 - Cannot read IP mode file for Cesanta.I-CUBE-Mongoose.7.13.0
2025-07-28 16:35:06,035 [WARN] PackLoader:240 - Cannot read IP mode file for STMicroelectronics.X-CUBE-AZRTOS-G4.2.0.0
2025-07-28 16:35:06,042 [WARN] PackLoader:240 - Cannot read IP mode file for wolfSSL.I-CUBE-wolfSSH.1.4.20
2025-07-28 16:35:06,047 [WARN] PackLoader:240 - Cannot read IP mode file for STMicroelectronics.X-CUBE-ALS.1.0.2
2025-07-28 16:35:06,054 [WARN] PackLoader:240 - Cannot read IP mode file for portGmbH.I-Cube-SoM-uGOAL.1.1.0
2025-07-28 16:35:06,056 [INFO] ThirdParty:978 - Integrity check success = true
2025-07-28 16:35:06,056 [INFO] IntegrityCheckThread:100 - exiting critical section [integrity check]
2025-07-28 16:35:06,056 [INFO] IntegrityCheckThread:103 - End integrity checks thread
2025-07-28 16:36:28,358 [ERROR] LogOutputStream:75 - [STDERR_REDIRECT] 
